2025-08-04 11:33:29,098 - Connected to 192.168.200.40:5025
2025-08-04 11:33:29,099 - Query: *IDN?
2025-08-04 11:33:29,298 - Response: Rohde&Schwarz,NRX,1424.7005k02/108679,02.62.24102302
2025-08-04 11:33:29,359 - Socket closed
2025-08-04 11:33:42,336 - Connected to 192.168.200.40:5025
2025-08-04 11:33:42,336 - Query: *IDN?
2025-08-04 11:33:42,885 - Response: Rohde&Schwarz,NRX,1424.7005k02/108679,02.62.24102302
2025-08-04 11:33:42,920 - Socket closed
2025-08-14 13:49:49,674 - Connected to 192.168.200.40:5025
2025-08-14 13:49:49,674 - Query: *IDN?
2025-08-14 13:49:49,947 - Response: Rohde&Schwarz,NRX,1424.7005k02/108679,02.62.24102302
2025-08-14 13:49:49,947 - Write: *RST
2025-08-14 13:49:49,948 - Query: *OPC?
2025-08-14 13:49:51,555 - Response: 1
2025-08-14 13:49:51,555 - PowerMeter (NRX) initialized in 1.890s
2025-08-14 13:49:51,556 - Checking for test inputs file: C:\Users\LINER\Documents\PycharmProjects\20250812_EVM_DPD\test_inputs.json
2025-08-14 13:49:51,556 - Checking for calibration data file: C:\Users\LINER\Documents\PycharmProjects\20250812_EVM_DPD\combined_cal_data.xlsx
2025-08-14 13:49:51,557 - Loading test inputs
2025-08-14 13:49:51,558 - Expected frequencies to test (GHz): [np.float64(2.0), np.float64(2.05), np.float64(2.1)]
2025-08-14 13:49:51,558 - Loading calibration data
2025-08-14 13:49:51,780 - Available calibration frequencies (GHz): [2.0, 2.05, 2.1, 2.15, 2.2, 2.25, 2.3, 2.35, 2.4, 2.45, 2.5, 2.55, 2.6, 2.65, 2.7, 2.75, 2.8, 2.85, 2.9, 2.95, 3.0, 3.05, 3.1, 3.15, 3.2, 3.25, 3.3, 3.35, 3.4, 3.45, 3.5, 3.55, 3.6, 3.65, 3.7, 3.75, 3.8, 3.85, 3.9, 3.95, 4.0, 4.05, 4.1, 4.15, 4.2, 4.25, 4.3, 4.35, 4.4, 4.45, 4.5, 4.55, 4.6, 4.65, 4.7, 4.75, 4.8, 4.85, 4.9, 4.95, 5.0]
2025-08-14 13:49:51,780 - Initializing instruments
2025-08-14 13:49:51,780 - Initializing VSG
2025-08-14 13:49:51,783 - Connected to 192.168.200.10:5025
2025-08-14 13:49:51,783 - Query: *IDN?
2025-08-14 13:49:51,783 - Response: Rohde&Schwarz,SMW200A,1412.0000K02/111891,5.30.305.48
2025-08-14 13:49:51,784 - Query: *RST; *OPC?
2025-08-14 13:49:52,821 - Response: 1
2025-08-14 13:49:52,821 - Query: *OPC?
2025-08-14 13:49:52,822 - Response: 1
2025-08-14 13:49:52,822 - Query: SOURce1:BB:ARBitrary:WAVeform:SELect "/var/user/Qorvo/NR5G_10MHz_UL_30kHzSCS_256QAM_24rb_0rbo.wv"; *OPC?
2025-08-14 13:49:52,823 - Response: 1
2025-08-14 13:49:52,823 - Query: SOURce1:BB:ARBitrary:STATe 1; *OPC?
2025-08-14 13:49:53,151 - Response: 1
2025-08-14 13:49:53,151 - Query: SOURce1:BB:ARBitrary:TRIGger:OUTPut1:MODE REST; *OPC?
2025-08-14 13:49:53,171 - Response: 1
2025-08-14 13:49:53,171 - Query: SOURce1:POWer:ATTenuation:DIGital -3.522; *OPC?
2025-08-14 13:49:53,173 - Response: 1
2025-08-14 13:49:53,173 - Query: SOURce1:CORRection:OPTimize:RF:CHARacteristics EVM; *OPC?
2025-08-14 13:49:53,175 - Response: 1
2025-08-14 13:49:53,175 - VSG initialized in 1.395s
2025-08-14 13:49:53,177 - Connected to 192.168.200.20:5025
2025-08-14 13:49:53,178 - Query: *IDN?
2025-08-14 13:49:53,193 - Response: Rohde&Schwarz,FSW-50,1331.5003K50/101878,6.20
2025-08-14 13:49:53,194 - Write: *RST
2025-08-14 13:49:53,194 - Query: *OPC?
2025-08-14 13:49:56,031 - Response: 1
2025-08-14 13:49:56,031 - Query: MMEM:SEL:ITEM:HWS ON; *OPC?
2025-08-14 13:49:56,032 - Response: 1
2025-08-14 13:49:56,032 - Query: MMEM:LOAD:STAT 1,"C:\R_S\instr\user\Qorvo\5GNR_UL_10MHz_256QAM_30kHz_24RB_0RBO"; *OPC?
2025-08-14 13:49:57,102 - Response: 1
2025-08-14 13:49:57,102 - Query: INST:COUP:CENT ALL; *OPC?
2025-08-14 13:49:57,107 - Response: 1
2025-08-14 13:49:57,107 - Query: INST:COUP:RLEV ALL; *OPC?
2025-08-14 13:49:57,111 - Response: 1
2025-08-14 13:49:57,111 - Query: INST:COUP:ATT ALL; *OPC?
2025-08-14 13:49:57,119 - Response: 1
2025-08-14 13:49:57,119 - Query: INST:SEL "5GNR"; *OPC?
2025-08-14 13:49:57,211 - Response: 1
2025-08-14 13:49:57,211 - Query: INIT:CONT OFF; *OPC?
2025-08-14 13:49:58,225 - Response: 1
2025-08-14 13:49:58,226 - Query: CONF:GEN:CONN:STAT ON; *OPC?
2025-08-14 13:49:58,902 - Response: 1
2025-08-14 13:49:58,902 - Query: CONF:GEN:CONT:STAT ON; *OPC?
2025-08-14 13:49:59,084 - Response: 1
2025-08-14 13:49:59,084 - Query: CONF:GEN:RFO:STAT ON; *OPC?
2025-08-14 13:49:59,253 - Response: 1
2025-08-14 13:49:59,253 - Query: CONF:SETT:RF; *OPC?
2025-08-14 13:49:59,338 - Response: 1
2025-08-14 13:49:59,338 - Query: CONF:SETT:NR5G; *OPC?
2025-08-14 13:49:59,501 - Response: 1
2025-08-14 13:49:59,501 - Query: INIT:IMM; *OPC?
2025-08-14 13:49:59,644 - Response: 1
2025-08-14 13:49:59,644 - Query: INST:SEL 'Amplifier'; *OPC?
2025-08-14 13:49:59,860 - Response: 1
2025-08-14 13:49:59,860 - Query: INIT:CONT OFF; *OPC?
2025-08-14 13:49:59,875 - Response: 1
2025-08-14 13:49:59,875 - Query: CONF:GEN:CONT:STAT ON; *OPC?
2025-08-14 13:50:00,318 - Response: 1
2025-08-14 13:50:00,318 - Query: CONF:SETT; *OPC?
2025-08-14 13:50:00,347 - Response: 1
2025-08-14 13:50:00,348 - Query: CONF:EST:FULL OFF; *OPC?
2025-08-14 13:50:00,353 - Response: 1
2025-08-14 13:50:00,354 - Query: CONF:EST:STOP 0.0012; *OPC?
2025-08-14 13:50:00,359 - Response: 1
2025-08-14 13:50:00,359 - Query: CONF:EVAL:FULL OFF; *OPC?
2025-08-14 13:50:00,365 - Response: 1
2025-08-14 13:50:00,365 - Query: CONF:EVAL:STOP 0.0012; *OPC?
2025-08-14 13:50:00,372 - Response: 1
2025-08-14 13:50:00,372 - Query: INIT:IMM; *OPC?
2025-08-14 13:50:00,383 - Response: 1
2025-08-14 13:50:00,384 - Query: CONF:DPD:SHAP:MODE POLY; *OPC?
2025-08-14 13:50:00,410 - Response: 1
2025-08-14 13:50:00,410 - Query: CONF:DPD:TRAD 0; *OPC?
2025-08-14 13:50:00,423 - Response: 1
2025-08-14 13:50:00,423 - Query: INIT:IMM; *OPC?
2025-08-14 13:50:00,444 - Response: 1
2025-08-14 13:50:00,444 - Query: INST:SEL '5G NR'; *OPC?
2025-08-14 13:50:00,450 - Response: 1
2025-08-14 13:50:00,450 - Query: INIT:IMM; *OPC?
2025-08-14 13:50:00,597 - Response: 1
2025-08-14 13:50:00,597 - VSA initialized in 7.421s
2025-08-14 13:50:00,599 - Connected to 192.168.200.40:5025
2025-08-14 13:50:00,599 - Query: *IDN?
2025-08-14 13:50:00,602 - Response: Rohde&Schwarz,NRX,1424.7005k02/108679,02.62.24102302
2025-08-14 13:50:00,602 - Write: *RST
2025-08-14 13:50:00,602 - Query: *OPC?
2025-08-14 13:50:02,195 - Response: 1
2025-08-14 13:50:02,196 - PowerMeter (NRX) initialized in 1.598s
2025-08-14 13:50:02,196 - Starting sweep over 3 frequencies
2025-08-14 13:50:02,196 - Write: *ESE 1
2025-08-14 13:50:02,197 - Write: *SRE 32
2025-08-14 13:50:02,197 - Write: :SENS1:FREQ 2000000000.0;*OPC
2025-08-14 13:50:02,197 - Query: *ESR?
2025-08-14 13:50:02,204 - Response: 1
2025-08-14 13:50:02,204 - Command ':SENS1:FREQ 2000000000.0' completed with OPC synchronization.
2025-08-14 13:50:02,204 - Write: *ESE 1
2025-08-14 13:50:02,204 - Write: *SRE 32
2025-08-14 13:50:02,204 - Write: :SENS2:FREQ 2000000000.0;*OPC
2025-08-14 13:50:02,204 - Query: *ESR?
2025-08-14 13:50:02,262 - Response: 1
2025-08-14 13:50:02,262 - Command ':SENS2:FREQ 2000000000.0' completed with OPC synchronization.
2025-08-14 13:50:02,262 - Write: *ESE 1
2025-08-14 13:50:02,262 - Write: *SRE 32
2025-08-14 13:50:02,262 - Write: CALCulate1:CHANnel1:CORRection:OFFSet:MAGNitude 18.767;*OPC
2025-08-14 13:50:02,262 - Query: *ESR?
2025-08-14 13:50:02,307 - Response: 1
2025-08-14 13:50:02,307 - Command 'CALCulate1:CHANnel1:CORRection:OFFSet:MAGNitude 18.767' completed with OPC synchronization.
2025-08-14 13:50:02,307 - Write: *ESE 1
2025-08-14 13:50:02,308 - Write: *SRE 32
2025-08-14 13:50:02,308 - Write: CALCulate1:CHANnel1:CORRection:OFFSet:STATe ON;*OPC
2025-08-14 13:50:02,308 - Query: *ESR?
2025-08-14 13:50:02,367 - Response: 1
2025-08-14 13:50:02,367 - Command 'CALCulate1:CHANnel1:CORRection:OFFSet:STATe ON' completed with OPC synchronization.
2025-08-14 13:50:02,367 - Write: *ESE 1
2025-08-14 13:50:02,367 - Write: *SRE 32
2025-08-14 13:50:02,367 - Write: CALCulate2:CHANnel1:CORRection:OFFSet:MAGNitude 13.286999999999999;*OPC
2025-08-14 13:50:02,367 - Query: *ESR?
2025-08-14 13:50:02,426 - Response: 1
2025-08-14 13:50:02,427 - Command 'CALCulate2:CHANnel1:CORRection:OFFSet:MAGNitude 13.286999999999999' completed with OPC synchronization.
2025-08-14 13:50:02,427 - Write: *ESE 1
2025-08-14 13:50:02,427 - Write: *SRE 32
2025-08-14 13:50:02,427 - Write: CALCulate2:CHANnel1:CORRection:OFFSet:STATe ON;*OPC
2025-08-14 13:50:02,427 - Query: *ESR?
2025-08-14 13:50:02,489 - Response: 1
2025-08-14 13:50:02,489 - Command 'CALCulate2:CHANnel1:CORRection:OFFSet:STATe ON' completed with OPC synchronization.
2025-08-14 13:50:02,489 - Query: *OPC?
2025-08-14 13:50:02,490 - Response: 1
2025-08-14 13:50:02,490 - Query: :SENS:FREQ:CENT 2000000000.0; *OPC?
2025-08-14 13:50:02,784 - Response: 1
2025-08-14 13:50:02,785 - Write: :DISP:WIND:TRAC:Y:SCAL:RLEV:OFFS 4.51
2025-08-14 13:50:02,785 - Query: :INIT:IMM; *OPC?
2025-08-14 13:50:03,015 - Response: 1
2025-08-14 13:50:03,015 - Query: :MEAS1?
2025-08-14 13:50:03,356 - Response: -2.487009E+01
2025-08-14 13:50:03,357 - Query: :MEAS2?
2025-08-14 13:50:03,461 - Response: -6.235661E+00
2025-08-14 13:50:03,461 - Query: :SOUR1:POW:LEV:IMM:AMPL 9.235661; *OPC?
2025-08-14 13:50:03,506 - Response: 1
2025-08-14 13:50:03,506 - Query: :MEAS1?
2025-08-14 13:50:03,801 - Response: 1.092873E+01
2025-08-14 13:50:03,801 - Query: :MEAS2?
2025-08-14 13:50:04,058 - Response: 2.074436E+01
2025-08-14 13:50:04,058 - Query: :SOUR1:POW:LEV:IMM:AMPL -1.508699; *OPC?
2025-08-14 13:50:04,083 - Response: 1
2025-08-14 13:50:04,083 - Query: :MEAS1?
2025-08-14 13:50:04,215 - Response: 1.895570E-01
2025-08-14 13:50:04,215 - Query: :MEAS2?
2025-08-14 13:50:04,472 - Response: 1.737657E+01
2025-08-14 13:50:04,472 - Query: :SOUR1:POW:LEV:IMM:AMPL -8.885269000000001; *OPC?
2025-08-14 13:50:04,513 - Response: 1
2025-08-14 13:50:04,513 - Query: :MEAS1?
2025-08-14 13:50:04,810 - Response: -7.276489E+00
2025-08-14 13:50:04,810 - Query: :MEAS2?
2025-08-14 13:50:05,069 - Response: 1.120104E+01
2025-08-14 13:50:05,069 - Query: :SOUR1:POW:LEV:IMM:AMPL -10.086309000000002; *OPC?
2025-08-14 13:50:05,090 - Response: 1
2025-08-14 13:50:05,091 - Query: :MEAS1?
2025-08-14 13:50:05,225 - Response: -8.474185E+00
2025-08-14 13:50:05,225 - Query: :MEAS2?
2025-08-14 13:50:05,483 - Response: 1.003984E+01
2025-08-14 13:50:05,484 - Servo converged after 5 iterations in 2.468 s at 2.0 GHz
2025-08-14 13:50:05,484 - Query: :MEAS1?
2025-08-14 13:50:05,618 - Response: -8.474087E+00
2025-08-14 13:50:05,619 - Query: :MEAS2?
2025-08-14 13:50:05,878 - Response: 1.003951E+01
2025-08-14 13:50:05,878 - PowerMeter socket closed
2025-08-14 13:50:05,884 - No data collected; skipping statistics sheet
2025-08-14 13:50:05,892 - Saved sweep results to: C:\Users\LINER\Documents\PycharmProjects\20250812_EVM_DPD\sweep_measurements.xlsx
2025-08-14 13:50:05,892 - Processed frequencies (GHz): [np.float64(2.0)]
2025-08-14 13:50:05,920 - Socket closed
2025-08-14 13:50:05,921 - Socket closed
2025-08-14 13:50:05,921 - Socket closed
2025-08-14 13:50:05,942 - Socket closed
